WARNING: missing driver HDL files.
Writing E:\PROJECT\LSTM\RTL\SG48\2.1.4\2.1\BCI_USBV_11\MULT_16X16\rtl\MULT_16X16_bb.v 
Writing E:\PROJECT\LSTM\RTL\SG48\2.1.4\2.1\BCI_USBV_11\MULT_16X16\MULT_16X16.cfg 
Writing E:\PROJECT\LSTM\RTL\SG48\2.1.4\2.1\BCI_USBV_11\MULT_16X16\misc\MULT_16X16_tmpl.v 
Writing E:\PROJECT\LSTM\RTL\SG48\2.1.4\2.1\BCI_USBV_11\MULT_16X16\misc\MULT_16X16_tmpl.vhd 
Writing E:\PROJECT\LSTM\RTL\SG48\2.1.4\2.1\BCI_USBV_11\MULT_16X16\rtl\MULT_16X16.v 
Writing E:\PROJECT\LSTM\RTL\SG48\2.1.4\2.1\BCI_USBV_11\MULT_16X16\constraints\MULT_16X16.ldc 
Writing E:\PROJECT\LSTM\RTL\SG48\2.1.4\2.1\BCI_USBV_11\MULT_16X16\testbench\dut_params.v 
Writing E:\PROJECT\LSTM\RTL\SG48\2.1.4\2.1\BCI_USBV_11\MULT_16X16\testbench\dut_inst.v 
Writing E:\PROJECT\LSTM\RTL\SG48\2.1.4\2.1\BCI_USBV_11\MULT_16X16\design.xml 
Writing E:\PROJECT\LSTM\RTL\SG48\2.1.4\2.1\BCI_USBV_11\MULT_16X16\component.xml 
Writing E:\PROJECT\LSTM\RTL\SG48\2.1.4\2.1\BCI_USBV_11\MULT_16X16\MULT_16X16.ipx 
WARNING: missing driver HDL files.
Writing E:\PROJECT\LSTM\RTL\SG48\2.1.4\2.1\BCI_USBV_11\DP21_64\rtl\DP21_64_bb.v 
Writing E:\PROJECT\LSTM\RTL\SG48\2.1.4\2.1\BCI_USBV_11\DP21_64\DP21_64.cfg 
Writing E:\PROJECT\LSTM\RTL\SG48\2.1.4\2.1\BCI_USBV_11\DP21_64\misc\DP21_64_tmpl.v 
Writing E:\PROJECT\LSTM\RTL\SG48\2.1.4\2.1\BCI_USBV_11\DP21_64\misc\DP21_64_tmpl.vhd 
Writing E:\PROJECT\LSTM\RTL\SG48\2.1.4\2.1\BCI_USBV_11\DP21_64\rtl\DP21_64.v 
Writing E:\PROJECT\LSTM\RTL\SG48\2.1.4\2.1\BCI_USBV_11\DP21_64\constraints\DP21_64.ldc 
Writing E:\PROJECT\LSTM\RTL\SG48\2.1.4\2.1\BCI_USBV_11\DP21_64\testbench\dut_params.v 
Writing E:\PROJECT\LSTM\RTL\SG48\2.1.4\2.1\BCI_USBV_11\DP21_64\testbench\dut_inst.v 
Writing E:\PROJECT\LSTM\RTL\SG48\2.1.4\2.1\BCI_USBV_11\DP21_64\design.xml 
Writing E:\PROJECT\LSTM\RTL\SG48\2.1.4\2.1\BCI_USBV_11\DP21_64\component.xml 
Writing E:\PROJECT\LSTM\RTL\SG48\2.1.4\2.1\BCI_USBV_11\DP21_64\DP21_64.ipx 
WARNING: missing driver HDL files.
Writing E:\PROJECT\LSTM\RTL\SG48\2.1.4\2.1\BCI_USBV_11\MULT_16X16\rtl\MULT_16X16_bb.v 
Writing E:\PROJECT\LSTM\RTL\SG48\2.1.4\2.1\BCI_USBV_11\MULT_16X16\MULT_16X16.cfg 
Writing E:\PROJECT\LSTM\RTL\SG48\2.1.4\2.1\BCI_USBV_11\MULT_16X16\misc\MULT_16X16_tmpl.v 
Writing E:\PROJECT\LSTM\RTL\SG48\2.1.4\2.1\BCI_USBV_11\MULT_16X16\misc\MULT_16X16_tmpl.vhd 
Writing E:\PROJECT\LSTM\RTL\SG48\2.1.4\2.1\BCI_USBV_11\MULT_16X16\rtl\MULT_16X16.v 
Writing E:\PROJECT\LSTM\RTL\SG48\2.1.4\2.1\BCI_USBV_11\MULT_16X16\constraints\MULT_16X16.ldc 
Writing E:\PROJECT\LSTM\RTL\SG48\2.1.4\2.1\BCI_USBV_11\MULT_16X16\testbench\dut_params.v 
Writing E:\PROJECT\LSTM\RTL\SG48\2.1.4\2.1\BCI_USBV_11\MULT_16X16\testbench\dut_inst.v 
Writing E:\PROJECT\LSTM\RTL\SG48\2.1.4\2.1\BCI_USBV_11\MULT_16X16\design.xml 
Writing E:\PROJECT\LSTM\RTL\SG48\2.1.4\2.1\BCI_USBV_11\MULT_16X16\component.xml 
Writing E:\PROJECT\LSTM\RTL\SG48\2.1.4\2.1\BCI_USBV_11\MULT_16X16\MULT_16X16.ipx 
WARNING: missing driver HDL files.
Writing E:\PROJECT\LSTM\RTL\SG48\2.1.4\2.1\BCI_USBV_11\MULT_SQRT\rtl\MULT_SQRT_bb.v 
Writing E:\PROJECT\LSTM\RTL\SG48\2.1.4\2.1\BCI_USBV_11\MULT_SQRT\MULT_SQRT.cfg 
Writing E:\PROJECT\LSTM\RTL\SG48\2.1.4\2.1\BCI_USBV_11\MULT_SQRT\misc\MULT_SQRT_tmpl.v 
Writing E:\PROJECT\LSTM\RTL\SG48\2.1.4\2.1\BCI_USBV_11\MULT_SQRT\misc\MULT_SQRT_tmpl.vhd 
Writing E:\PROJECT\LSTM\RTL\SG48\2.1.4\2.1\BCI_USBV_11\MULT_SQRT\rtl\MULT_SQRT.v 
Writing E:\PROJECT\LSTM\RTL\SG48\2.1.4\2.1\BCI_USBV_11\MULT_SQRT\constraints\MULT_SQRT.ldc 
Writing E:\PROJECT\LSTM\RTL\SG48\2.1.4\2.1\BCI_USBV_11\MULT_SQRT\testbench\dut_params.v 
Writing E:\PROJECT\LSTM\RTL\SG48\2.1.4\2.1\BCI_USBV_11\MULT_SQRT\testbench\dut_inst.v 
Writing E:\PROJECT\LSTM\RTL\SG48\2.1.4\2.1\BCI_USBV_11\MULT_SQRT\design.xml 
Writing E:\PROJECT\LSTM\RTL\SG48\2.1.4\2.1\BCI_USBV_11\MULT_SQRT\component.xml 
Writing E:\PROJECT\LSTM\RTL\SG48\2.1.4\2.1\BCI_USBV_11\MULT_SQRT\MULT_SQRT.ipx 
WARNING: missing driver HDL files.
Writing E:\PROJECT\LSTM\RTL\SG48\2.1.4\2.1\BCI_USBV_11\RAM_THREDP\rtl\RAM_THREDP_bb.v 
Writing E:\PROJECT\LSTM\RTL\SG48\2.1.4\2.1\BCI_USBV_11\RAM_THREDP\RAM_THREDP.cfg 
Writing E:\PROJECT\LSTM\RTL\SG48\2.1.4\2.1\BCI_USBV_11\RAM_THREDP\misc\RAM_THREDP_tmpl.v 
Writing E:\PROJECT\LSTM\RTL\SG48\2.1.4\2.1\BCI_USBV_11\RAM_THREDP\misc\RAM_THREDP_tmpl.vhd 
Writing E:\PROJECT\LSTM\RTL\SG48\2.1.4\2.1\BCI_USBV_11\RAM_THREDP\rtl\RAM_THREDP.v 
Writing E:\PROJECT\LSTM\RTL\SG48\2.1.4\2.1\BCI_USBV_11\RAM_THREDP\constraints\RAM_THREDP.ldc 
Writing E:\PROJECT\LSTM\RTL\SG48\2.1.4\2.1\BCI_USBV_11\RAM_THREDP\testbench\dut_params.v 
Writing E:\PROJECT\LSTM\RTL\SG48\2.1.4\2.1\BCI_USBV_11\RAM_THREDP\testbench\dut_inst.v 
Writing E:\PROJECT\LSTM\RTL\SG48\2.1.4\2.1\BCI_USBV_11\RAM_THREDP\design.xml 
Writing E:\PROJECT\LSTM\RTL\SG48\2.1.4\2.1\BCI_USBV_11\RAM_THREDP\component.xml 
Writing E:\PROJECT\LSTM\RTL\SG48\2.1.4\2.1\BCI_USBV_11\RAM_THREDP\RAM_THREDP.ipx 
WARNING: missing driver HDL files.
Writing E:\PROJECT\LSTM\RTL\SG48\2.1.4\2.1\BCI_USBV_11\RMSSAVE\rtl\RMSSAVE_bb.v 
Writing E:\PROJECT\LSTM\RTL\SG48\2.1.4\2.1\BCI_USBV_11\RMSSAVE\RMSSAVE.cfg 
Writing E:\PROJECT\LSTM\RTL\SG48\2.1.4\2.1\BCI_USBV_11\RMSSAVE\misc\RMSSAVE_tmpl.v 
Writing E:\PROJECT\LSTM\RTL\SG48\2.1.4\2.1\BCI_USBV_11\RMSSAVE\misc\RMSSAVE_tmpl.vhd 
Writing E:\PROJECT\LSTM\RTL\SG48\2.1.4\2.1\BCI_USBV_11\RMSSAVE\rtl\RMSSAVE.v 
Writing E:\PROJECT\LSTM\RTL\SG48\2.1.4\2.1\BCI_USBV_11\RMSSAVE\constraints\RMSSAVE.ldc 
Writing E:\PROJECT\LSTM\RTL\SG48\2.1.4\2.1\BCI_USBV_11\RMSSAVE\testbench\dut_params.v 
Writing E:\PROJECT\LSTM\RTL\SG48\2.1.4\2.1\BCI_USBV_11\RMSSAVE\testbench\dut_inst.v 
Writing E:\PROJECT\LSTM\RTL\SG48\2.1.4\2.1\BCI_USBV_11\RMSSAVE\design.xml 
Writing E:\PROJECT\LSTM\RTL\SG48\2.1.4\2.1\BCI_USBV_11\RMSSAVE\component.xml 
Writing E:\PROJECT\LSTM\RTL\SG48\2.1.4\2.1\BCI_USBV_11\RMSSAVE\RMSSAVE.ipx 
WARNING: missing driver HDL files.
Writing E:\PROJECT\LSTM\RTL\SG48\2.1.4\2.1\BCI_USBV_11\SD_cal_ram_sk\rtl\SD_cal_ram_sk_bb.v 
Writing E:\PROJECT\LSTM\RTL\SG48\2.1.4\2.1\BCI_USBV_11\SD_cal_ram_sk\SD_cal_ram_sk.cfg 
Writing E:\PROJECT\LSTM\RTL\SG48\2.1.4\2.1\BCI_USBV_11\SD_cal_ram_sk\misc\SD_cal_ram_sk_tmpl.v 
Writing E:\PROJECT\LSTM\RTL\SG48\2.1.4\2.1\BCI_USBV_11\SD_cal_ram_sk\misc\SD_cal_ram_sk_tmpl.vhd 
Writing E:\PROJECT\LSTM\RTL\SG48\2.1.4\2.1\BCI_USBV_11\SD_cal_ram_sk\rtl\SD_cal_ram_sk.v 
Writing E:\PROJECT\LSTM\RTL\SG48\2.1.4\2.1\BCI_USBV_11\SD_cal_ram_sk\constraints\SD_cal_ram_sk.ldc 
Writing E:\PROJECT\LSTM\RTL\SG48\2.1.4\2.1\BCI_USBV_11\SD_cal_ram_sk\testbench\dut_params.v 
Writing E:\PROJECT\LSTM\RTL\SG48\2.1.4\2.1\BCI_USBV_11\SD_cal_ram_sk\testbench\dut_inst.v 
Writing E:\PROJECT\LSTM\RTL\SG48\2.1.4\2.1\BCI_USBV_11\SD_cal_ram_sk\design.xml 
Writing E:\PROJECT\LSTM\RTL\SG48\2.1.4\2.1\BCI_USBV_11\SD_cal_ram_sk\component.xml 
Writing E:\PROJECT\LSTM\RTL\SG48\2.1.4\2.1\BCI_USBV_11\SD_cal_ram_sk\SD_cal_ram_sk.ipx 
WARNING: missing driver HDL files.
Writing E:\PROJECT\LSTM\RTL\SG48\2.1.4\2.1\BCI_USBV_11\SK_CAL\rtl\SK_CAL_bb.v 
Writing E:\PROJECT\LSTM\RTL\SG48\2.1.4\2.1\BCI_USBV_11\SK_CAL\SK_CAL.cfg 
Writing E:\PROJECT\LSTM\RTL\SG48\2.1.4\2.1\BCI_USBV_11\SK_CAL\misc\SK_CAL_tmpl.v 
Writing E:\PROJECT\LSTM\RTL\SG48\2.1.4\2.1\BCI_USBV_11\SK_CAL\misc\SK_CAL_tmpl.vhd 
Writing E:\PROJECT\LSTM\RTL\SG48\2.1.4\2.1\BCI_USBV_11\SK_CAL\rtl\SK_CAL.v 
Writing E:\PROJECT\LSTM\RTL\SG48\2.1.4\2.1\BCI_USBV_11\SK_CAL\constraints\SK_CAL.ldc 
Writing E:\PROJECT\LSTM\RTL\SG48\2.1.4\2.1\BCI_USBV_11\SK_CAL\testbench\dut_params.v 
Writing E:\PROJECT\LSTM\RTL\SG48\2.1.4\2.1\BCI_USBV_11\SK_CAL\testbench\dut_inst.v 
Writing E:\PROJECT\LSTM\RTL\SG48\2.1.4\2.1\BCI_USBV_11\SK_CAL\design.xml 
Writing E:\PROJECT\LSTM\RTL\SG48\2.1.4\2.1\BCI_USBV_11\SK_CAL\component.xml 
Writing E:\PROJECT\LSTM\RTL\SG48\2.1.4\2.1\BCI_USBV_11\SK_CAL\SK_CAL.ipx 
WARNING: missing driver HDL files.
Writing E:\PROJECT\LSTM\RTL\SG48\2.1.4\2.1\BCI_USBV_11\add\rtl\add_bb.v 
Writing E:\PROJECT\LSTM\RTL\SG48\2.1.4\2.1\BCI_USBV_11\add\add.cfg 
Writing E:\PROJECT\LSTM\RTL\SG48\2.1.4\2.1\BCI_USBV_11\add\misc\add_tmpl.v 
Writing E:\PROJECT\LSTM\RTL\SG48\2.1.4\2.1\BCI_USBV_11\add\misc\add_tmpl.vhd 
Writing E:\PROJECT\LSTM\RTL\SG48\2.1.4\2.1\BCI_USBV_11\add\rtl\add.v 
Writing E:\PROJECT\LSTM\RTL\SG48\2.1.4\2.1\BCI_USBV_11\add\constraints\add.ldc 
Writing E:\PROJECT\LSTM\RTL\SG48\2.1.4\2.1\BCI_USBV_11\add\testbench\dut_params.v 
Writing E:\PROJECT\LSTM\RTL\SG48\2.1.4\2.1\BCI_USBV_11\add\testbench\dut_inst.v 
Writing E:\PROJECT\LSTM\RTL\SG48\2.1.4\2.1\BCI_USBV_11\add\design.xml 
Writing E:\PROJECT\LSTM\RTL\SG48\2.1.4\2.1\BCI_USBV_11\add\component.xml 
Writing E:\PROJECT\LSTM\RTL\SG48\2.1.4\2.1\BCI_USBV_11\add\add.ipx 
WARNING: missing driver HDL files.
Writing E:\PROJECT\LSTM\RTL\SG48\2.1.4\2.1\BCI_USBV_11\add16\rtl\add16_bb.v 
Writing E:\PROJECT\LSTM\RTL\SG48\2.1.4\2.1\BCI_USBV_11\add16\add16.cfg 
Writing E:\PROJECT\LSTM\RTL\SG48\2.1.4\2.1\BCI_USBV_11\add16\misc\add16_tmpl.v 
Writing E:\PROJECT\LSTM\RTL\SG48\2.1.4\2.1\BCI_USBV_11\add16\misc\add16_tmpl.vhd 
Writing E:\PROJECT\LSTM\RTL\SG48\2.1.4\2.1\BCI_USBV_11\add16\rtl\add16.v 
Writing E:\PROJECT\LSTM\RTL\SG48\2.1.4\2.1\BCI_USBV_11\add16\constraints\add16.ldc 
Writing E:\PROJECT\LSTM\RTL\SG48\2.1.4\2.1\BCI_USBV_11\add16\testbench\dut_params.v 
Writing E:\PROJECT\LSTM\RTL\SG48\2.1.4\2.1\BCI_USBV_11\add16\testbench\dut_inst.v 
Writing E:\PROJECT\LSTM\RTL\SG48\2.1.4\2.1\BCI_USBV_11\add16\design.xml 
Writing E:\PROJECT\LSTM\RTL\SG48\2.1.4\2.1\BCI_USBV_11\add16\component.xml 
Writing E:\PROJECT\LSTM\RTL\SG48\2.1.4\2.1\BCI_USBV_11\add16\add16.ipx 
WARNING: missing driver HDL files.
Writing E:\PROJECT\LSTM\RTL\SG48\2.1.4\2.1\BCI_USBV_11\add_48\rtl\add_48_bb.v 
Writing E:\PROJECT\LSTM\RTL\SG48\2.1.4\2.1\BCI_USBV_11\add_48\add_48.cfg 
Writing E:\PROJECT\LSTM\RTL\SG48\2.1.4\2.1\BCI_USBV_11\add_48\misc\add_48_tmpl.v 
Writing E:\PROJECT\LSTM\RTL\SG48\2.1.4\2.1\BCI_USBV_11\add_48\misc\add_48_tmpl.vhd 
Writing E:\PROJECT\LSTM\RTL\SG48\2.1.4\2.1\BCI_USBV_11\add_48\rtl\add_48.v 
Writing E:\PROJECT\LSTM\RTL\SG48\2.1.4\2.1\BCI_USBV_11\add_48\constraints\add_48.ldc 
Writing E:\PROJECT\LSTM\RTL\SG48\2.1.4\2.1\BCI_USBV_11\add_48\testbench\dut_params.v 
Writing E:\PROJECT\LSTM\RTL\SG48\2.1.4\2.1\BCI_USBV_11\add_48\testbench\dut_inst.v 
Writing E:\PROJECT\LSTM\RTL\SG48\2.1.4\2.1\BCI_USBV_11\add_48\design.xml 
Writing E:\PROJECT\LSTM\RTL\SG48\2.1.4\2.1\BCI_USBV_11\add_48\component.xml 
Writing E:\PROJECT\LSTM\RTL\SG48\2.1.4\2.1\BCI_USBV_11\add_48\add_48.ipx 
WARNING: missing driver HDL files.
Writing E:\PROJECT\LSTM\RTL\SG48\2.1.4\2.1\BCI_USBV_11\add_cal\rtl\add_cal_bb.v 
Writing E:\PROJECT\LSTM\RTL\SG48\2.1.4\2.1\BCI_USBV_11\add_cal\add_cal.cfg 
Writing E:\PROJECT\LSTM\RTL\SG48\2.1.4\2.1\BCI_USBV_11\add_cal\misc\add_cal_tmpl.v 
Writing E:\PROJECT\LSTM\RTL\SG48\2.1.4\2.1\BCI_USBV_11\add_cal\misc\add_cal_tmpl.vhd 
Writing E:\PROJECT\LSTM\RTL\SG48\2.1.4\2.1\BCI_USBV_11\add_cal\rtl\add_cal.v 
Writing E:\PROJECT\LSTM\RTL\SG48\2.1.4\2.1\BCI_USBV_11\add_cal\constraints\add_cal.ldc 
Writing E:\PROJECT\LSTM\RTL\SG48\2.1.4\2.1\BCI_USBV_11\add_cal\testbench\dut_params.v 
Writing E:\PROJECT\LSTM\RTL\SG48\2.1.4\2.1\BCI_USBV_11\add_cal\testbench\dut_inst.v 
Writing E:\PROJECT\LSTM\RTL\SG48\2.1.4\2.1\BCI_USBV_11\add_cal\design.xml 
Writing E:\PROJECT\LSTM\RTL\SG48\2.1.4\2.1\BCI_USBV_11\add_cal\component.xml 
Writing E:\PROJECT\LSTM\RTL\SG48\2.1.4\2.1\BCI_USBV_11\add_cal\add_cal.ipx 
WARNING: missing driver HDL files.
Writing E:\PROJECT\LSTM\RTL\SG48\2.1.4\2.1\BCI_USBV_11\count\rtl\count_bb.v 
Writing E:\PROJECT\LSTM\RTL\SG48\2.1.4\2.1\BCI_USBV_11\count\count.cfg 
Writing E:\PROJECT\LSTM\RTL\SG48\2.1.4\2.1\BCI_USBV_11\count\misc\count_tmpl.v 
Writing E:\PROJECT\LSTM\RTL\SG48\2.1.4\2.1\BCI_USBV_11\count\misc\count_tmpl.vhd 
Writing E:\PROJECT\LSTM\RTL\SG48\2.1.4\2.1\BCI_USBV_11\count\rtl\count.v 
Writing E:\PROJECT\LSTM\RTL\SG48\2.1.4\2.1\BCI_USBV_11\count\constraints\count.ldc 
Writing E:\PROJECT\LSTM\RTL\SG48\2.1.4\2.1\BCI_USBV_11\count\testbench\dut_params.v 
Writing E:\PROJECT\LSTM\RTL\SG48\2.1.4\2.1\BCI_USBV_11\count\testbench\dut_inst.v 
Writing E:\PROJECT\LSTM\RTL\SG48\2.1.4\2.1\BCI_USBV_11\count\design.xml 
Writing E:\PROJECT\LSTM\RTL\SG48\2.1.4\2.1\BCI_USBV_11\count\component.xml 
Writing E:\PROJECT\LSTM\RTL\SG48\2.1.4\2.1\BCI_USBV_11\count\count.ipx 
WARNING: missing driver HDL files.
Writing E:\PROJECT\LSTM\RTL\SG48\2.1.4\2.1\BCI_USBV_11\fifo_dc_t\rtl\fifo_dc_t_bb.v 
Writing E:\PROJECT\LSTM\RTL\SG48\2.1.4\2.1\BCI_USBV_11\fifo_dc_t\fifo_dc_t.cfg 
Writing E:\PROJECT\LSTM\RTL\SG48\2.1.4\2.1\BCI_USBV_11\fifo_dc_t\misc\fifo_dc_t_tmpl.v 
Writing E:\PROJECT\LSTM\RTL\SG48\2.1.4\2.1\BCI_USBV_11\fifo_dc_t\misc\fifo_dc_t_tmpl.vhd 
Writing E:\PROJECT\LSTM\RTL\SG48\2.1.4\2.1\BCI_USBV_11\fifo_dc_t\rtl\fifo_dc_t.v 
Writing E:\PROJECT\LSTM\RTL\SG48\2.1.4\2.1\BCI_USBV_11\fifo_dc_t\constraints\fifo_dc_t.ldc 
Writing E:\PROJECT\LSTM\RTL\SG48\2.1.4\2.1\BCI_USBV_11\fifo_dc_t\testbench\dut_params.v 
Writing E:\PROJECT\LSTM\RTL\SG48\2.1.4\2.1\BCI_USBV_11\fifo_dc_t\testbench\dut_inst.v 
Writing E:\PROJECT\LSTM\RTL\SG48\2.1.4\2.1\BCI_USBV_11\fifo_dc_t\eval\dut_params.v 
Writing E:\PROJECT\LSTM\RTL\SG48\2.1.4\2.1\BCI_USBV_11\fifo_dc_t\eval\dut_inst.v 
Writing E:\PROJECT\LSTM\RTL\SG48\2.1.4\2.1\BCI_USBV_11\fifo_dc_t\design.xml 
Writing E:\PROJECT\LSTM\RTL\SG48\2.1.4\2.1\BCI_USBV_11\fifo_dc_t\component.xml 
Writing E:\PROJECT\LSTM\RTL\SG48\2.1.4\2.1\BCI_USBV_11\fifo_dc_t\fifo_dc_t.ipx 
WARNING: missing driver HDL files.
Writing E:\PROJECT\LSTM\RTL\SG48\2.1.4\2.1\BCI_USBV_11\fifo_tbtest\rtl\fifo_tbtest_bb.v 
Writing E:\PROJECT\LSTM\RTL\SG48\2.1.4\2.1\BCI_USBV_11\fifo_tbtest\fifo_tbtest.cfg 
Writing E:\PROJECT\LSTM\RTL\SG48\2.1.4\2.1\BCI_USBV_11\fifo_tbtest\misc\fifo_tbtest_tmpl.v 
Writing E:\PROJECT\LSTM\RTL\SG48\2.1.4\2.1\BCI_USBV_11\fifo_tbtest\misc\fifo_tbtest_tmpl.vhd 
Writing E:\PROJECT\LSTM\RTL\SG48\2.1.4\2.1\BCI_USBV_11\fifo_tbtest\rtl\fifo_tbtest.v 
Writing E:\PROJECT\LSTM\RTL\SG48\2.1.4\2.1\BCI_USBV_11\fifo_tbtest\constraints\fifo_tbtest.ldc 
Writing E:\PROJECT\LSTM\RTL\SG48\2.1.4\2.1\BCI_USBV_11\fifo_tbtest\testbench\dut_params.v 
Writing E:\PROJECT\LSTM\RTL\SG48\2.1.4\2.1\BCI_USBV_11\fifo_tbtest\testbench\dut_inst.v 
Writing E:\PROJECT\LSTM\RTL\SG48\2.1.4\2.1\BCI_USBV_11\fifo_tbtest\eval\dut_params.v 
Writing E:\PROJECT\LSTM\RTL\SG48\2.1.4\2.1\BCI_USBV_11\fifo_tbtest\eval\dut_inst.v 
Writing E:\PROJECT\LSTM\RTL\SG48\2.1.4\2.1\BCI_USBV_11\fifo_tbtest\design.xml 
Writing E:\PROJECT\LSTM\RTL\SG48\2.1.4\2.1\BCI_USBV_11\fifo_tbtest\component.xml 
Writing E:\PROJECT\LSTM\RTL\SG48\2.1.4\2.1\BCI_USBV_11\fifo_tbtest\fifo_tbtest.ipx 
WARNING: missing driver HDL files.
Writing E:\PROJECT\LSTM\RTL\SG48\2.1.4\2.1\BCI_USBV_11\fifo_tra\rtl\fifo_tra_bb.v 
Writing E:\PROJECT\LSTM\RTL\SG48\2.1.4\2.1\BCI_USBV_11\fifo_tra\fifo_tra.cfg 
Writing E:\PROJECT\LSTM\RTL\SG48\2.1.4\2.1\BCI_USBV_11\fifo_tra\misc\fifo_tra_tmpl.v 
Writing E:\PROJECT\LSTM\RTL\SG48\2.1.4\2.1\BCI_USBV_11\fifo_tra\misc\fifo_tra_tmpl.vhd 
Writing E:\PROJECT\LSTM\RTL\SG48\2.1.4\2.1\BCI_USBV_11\fifo_tra\rtl\fifo_tra.v 
Writing E:\PROJECT\LSTM\RTL\SG48\2.1.4\2.1\BCI_USBV_11\fifo_tra\constraints\fifo_tra.ldc 
Writing E:\PROJECT\LSTM\RTL\SG48\2.1.4\2.1\BCI_USBV_11\fifo_tra\testbench\dut_params.v 
Writing E:\PROJECT\LSTM\RTL\SG48\2.1.4\2.1\BCI_USBV_11\fifo_tra\testbench\dut_inst.v 
Writing E:\PROJECT\LSTM\RTL\SG48\2.1.4\2.1\BCI_USBV_11\fifo_tra\eval\dut_params.v 
Writing E:\PROJECT\LSTM\RTL\SG48\2.1.4\2.1\BCI_USBV_11\fifo_tra\eval\dut_inst.v 
Writing E:\PROJECT\LSTM\RTL\SG48\2.1.4\2.1\BCI_USBV_11\fifo_tra\design.xml 
Writing E:\PROJECT\LSTM\RTL\SG48\2.1.4\2.1\BCI_USBV_11\fifo_tra\component.xml 
Writing E:\PROJECT\LSTM\RTL\SG48\2.1.4\2.1\BCI_USBV_11\fifo_tra\fifo_tra.ipx 
WARNING: missing driver HDL files.
Writing E:\PROJECT\LSTM\RTL\SG48\2.1.4\2.1\BCI_USBV_11\memsave\rtl\memsave_bb.v 
Writing E:\PROJECT\LSTM\RTL\SG48\2.1.4\2.1\BCI_USBV_11\memsave\memsave.cfg 
Writing E:\PROJECT\LSTM\RTL\SG48\2.1.4\2.1\BCI_USBV_11\memsave\misc\memsave_tmpl.v 
Writing E:\PROJECT\LSTM\RTL\SG48\2.1.4\2.1\BCI_USBV_11\memsave\misc\memsave_tmpl.vhd 
Writing E:\PROJECT\LSTM\RTL\SG48\2.1.4\2.1\BCI_USBV_11\memsave\rtl\memsave.v 
Writing E:\PROJECT\LSTM\RTL\SG48\2.1.4\2.1\BCI_USBV_11\memsave\constraints\memsave.ldc 
Writing E:\PROJECT\LSTM\RTL\SG48\2.1.4\2.1\BCI_USBV_11\memsave\testbench\dut_params.v 
Writing E:\PROJECT\LSTM\RTL\SG48\2.1.4\2.1\BCI_USBV_11\memsave\testbench\dut_inst.v 
Writing E:\PROJECT\LSTM\RTL\SG48\2.1.4\2.1\BCI_USBV_11\memsave\design.xml 
Writing E:\PROJECT\LSTM\RTL\SG48\2.1.4\2.1\BCI_USBV_11\memsave\component.xml 
Writing E:\PROJECT\LSTM\RTL\SG48\2.1.4\2.1\BCI_USBV_11\memsave\memsave.ipx 
WARNING: missing driver HDL files.
Writing E:\PROJECT\LSTM\RTL\SG48\2.1.4\2.1\BCI_USBV_11\mult16x16\rtl\mult16x16_bb.v 
Writing E:\PROJECT\LSTM\RTL\SG48\2.1.4\2.1\BCI_USBV_11\mult16x16\mult16x16.cfg 
Writing E:\PROJECT\LSTM\RTL\SG48\2.1.4\2.1\BCI_USBV_11\mult16x16\misc\mult16x16_tmpl.v 
Writing E:\PROJECT\LSTM\RTL\SG48\2.1.4\2.1\BCI_USBV_11\mult16x16\misc\mult16x16_tmpl.vhd 
Writing E:\PROJECT\LSTM\RTL\SG48\2.1.4\2.1\BCI_USBV_11\mult16x16\rtl\mult16x16.v 
Writing E:\PROJECT\LSTM\RTL\SG48\2.1.4\2.1\BCI_USBV_11\mult16x16\constraints\mult16x16.ldc 
Writing E:\PROJECT\LSTM\RTL\SG48\2.1.4\2.1\BCI_USBV_11\mult16x16\testbench\dut_params.v 
Writing E:\PROJECT\LSTM\RTL\SG48\2.1.4\2.1\BCI_USBV_11\mult16x16\testbench\dut_inst.v 
Writing E:\PROJECT\LSTM\RTL\SG48\2.1.4\2.1\BCI_USBV_11\mult16x16\design.xml 
Writing E:\PROJECT\LSTM\RTL\SG48\2.1.4\2.1\BCI_USBV_11\mult16x16\component.xml 
Writing E:\PROJECT\LSTM\RTL\SG48\2.1.4\2.1\BCI_USBV_11\mult16x16\mult16x16.ipx 
WARNING: missing driver HDL files.
Writing E:\PROJECT\LSTM\RTL\SG48\2.1.4\2.1\BCI_USBV_11\mult_sigmoid\rtl\mult_sigmoid_bb.v 
Writing E:\PROJECT\LSTM\RTL\SG48\2.1.4\2.1\BCI_USBV_11\mult_sigmoid\mult_sigmoid.cfg 
Writing E:\PROJECT\LSTM\RTL\SG48\2.1.4\2.1\BCI_USBV_11\mult_sigmoid\misc\mult_sigmoid_tmpl.v 
Writing E:\PROJECT\LSTM\RTL\SG48\2.1.4\2.1\BCI_USBV_11\mult_sigmoid\misc\mult_sigmoid_tmpl.vhd 
Writing E:\PROJECT\LSTM\RTL\SG48\2.1.4\2.1\BCI_USBV_11\mult_sigmoid\rtl\mult_sigmoid.v 
Writing E:\PROJECT\LSTM\RTL\SG48\2.1.4\2.1\BCI_USBV_11\mult_sigmoid\constraints\mult_sigmoid.ldc 
Writing E:\PROJECT\LSTM\RTL\SG48\2.1.4\2.1\BCI_USBV_11\mult_sigmoid\testbench\dut_params.v 
Writing E:\PROJECT\LSTM\RTL\SG48\2.1.4\2.1\BCI_USBV_11\mult_sigmoid\testbench\dut_inst.v 
Writing E:\PROJECT\LSTM\RTL\SG48\2.1.4\2.1\BCI_USBV_11\mult_sigmoid\design.xml 
Writing E:\PROJECT\LSTM\RTL\SG48\2.1.4\2.1\BCI_USBV_11\mult_sigmoid\component.xml 
Writing E:\PROJECT\LSTM\RTL\SG48\2.1.4\2.1\BCI_USBV_11\mult_sigmoid\mult_sigmoid.ipx 
[INFO] Using Python version : 3.7.4 (default, Nov 21 2019, 13:51:44) [MSC v.1923 64 bit (AMD64)]
WARNING: 'in_clk' is not valid IP setting, ignored!
WARNING: 'FEEDBACK_PATH' is not valid IP setting, ignored!
WARNING: 'out_clk' is not valid IP setting, ignored!
WARNING: 'DELAY_ADJUSTMENT_MODE_RELATIVE' is not valid IP setting, ignored!
WARNING: 'enable_lock' is not valid IP setting, ignored!
[DEBUG] bypass_bw_factor =  0
[DEBUG] Total process time :  0.21899699999994482
[INFO] Done Parameter Optimization.
Best Param : {'M_DIV': 1, 'N_DIV': 1, 'O_DIV': {'CLKOP': 16}, 'BWFAC': 7.943282347242733, 'fbk_div': 16, 'm_div': 1, 'ipp_ctrl': 6, 'bw_ctrl_bias': 15, 'ipp_sel': 15, 'ipi_cmp': 12, 'cset': 8, 'v2i_pp_res': 9.0, 'cripple': 1, 'PEAK': 0.07270816082859365, 'BW_3DB': 12.589254117941802, 'BW_OPL': 8.317637711026794, 'PM_3DB': 64.65903740448465}

 Analog Parameters : 
 - CSET        	: 8P		 - CRIPPLE     	: 1P		 - IPI_CMP     	: 0b1100
 - V2I_PP_RES  	: 9K		 - IPP_SEL     	: 0b1111		 -             	    
 - IPP_CTRL    	: 0b0110		 - BW_CTL_BIAS   : 0b1111		 -             	    

WARNING: missing driver HDL files.
Writing E:\PROJECT\LSTM\RTL\SG48\2.1.4\2.1\BCI_USBV_11\pll48_56\rtl\pll48_56_bb.v 
Writing E:\PROJECT\LSTM\RTL\SG48\2.1.4\2.1\BCI_USBV_11\pll48_56\pll48_56.cfg 
Writing E:\PROJECT\LSTM\RTL\SG48\2.1.4\2.1\BCI_USBV_11\pll48_56\misc\pll48_56_tmpl.v 
Writing E:\PROJECT\LSTM\RTL\SG48\2.1.4\2.1\BCI_USBV_11\pll48_56\misc\pll48_56_tmpl.vhd 
Writing E:\PROJECT\LSTM\RTL\SG48\2.1.4\2.1\BCI_USBV_11\pll48_56\rtl\pll48_56.v 
Writing E:\PROJECT\LSTM\RTL\SG48\2.1.4\2.1\BCI_USBV_11\pll48_56\constraints\pll48_56.ldc 
Writing E:\PROJECT\LSTM\RTL\SG48\2.1.4\2.1\BCI_USBV_11\pll48_56\testbench\dut_params.v 
Writing E:\PROJECT\LSTM\RTL\SG48\2.1.4\2.1\BCI_USBV_11\pll48_56\testbench\dut_inst.v 
Writing E:\PROJECT\LSTM\RTL\SG48\2.1.4\2.1\BCI_USBV_11\pll48_56\design.xml 
Writing E:\PROJECT\LSTM\RTL\SG48\2.1.4\2.1\BCI_USBV_11\pll48_56\component.xml 
Writing E:\PROJECT\LSTM\RTL\SG48\2.1.4\2.1\BCI_USBV_11\pll48_56\pll48_56.ipx 
WARNING: missing driver HDL files.
Writing E:\PROJECT\LSTM\RTL\SG48\2.1.4\2.1\BCI_USBV_11\se_fifo\rtl\se_fifo_bb.v 
Writing E:\PROJECT\LSTM\RTL\SG48\2.1.4\2.1\BCI_USBV_11\se_fifo\se_fifo.cfg 
Writing E:\PROJECT\LSTM\RTL\SG48\2.1.4\2.1\BCI_USBV_11\se_fifo\misc\se_fifo_tmpl.v 
Writing E:\PROJECT\LSTM\RTL\SG48\2.1.4\2.1\BCI_USBV_11\se_fifo\misc\se_fifo_tmpl.vhd 
Writing E:\PROJECT\LSTM\RTL\SG48\2.1.4\2.1\BCI_USBV_11\se_fifo\rtl\se_fifo.v 
Writing E:\PROJECT\LSTM\RTL\SG48\2.1.4\2.1\BCI_USBV_11\se_fifo\constraints\se_fifo.ldc 
Writing E:\PROJECT\LSTM\RTL\SG48\2.1.4\2.1\BCI_USBV_11\se_fifo\testbench\dut_params.v 
Writing E:\PROJECT\LSTM\RTL\SG48\2.1.4\2.1\BCI_USBV_11\se_fifo\testbench\dut_inst.v 
Writing E:\PROJECT\LSTM\RTL\SG48\2.1.4\2.1\BCI_USBV_11\se_fifo\eval\dut_params.v 
Writing E:\PROJECT\LSTM\RTL\SG48\2.1.4\2.1\BCI_USBV_11\se_fifo\eval\dut_inst.v 
Writing E:\PROJECT\LSTM\RTL\SG48\2.1.4\2.1\BCI_USBV_11\se_fifo\design.xml 
Writing E:\PROJECT\LSTM\RTL\SG48\2.1.4\2.1\BCI_USBV_11\se_fifo\component.xml 
Writing E:\PROJECT\LSTM\RTL\SG48\2.1.4\2.1\BCI_USBV_11\se_fifo\se_fifo.ipx 
WARNING: missing driver HDL files.
Writing E:\PROJECT\LSTM\RTL\SG48\2.1.4\2.1\BCI_USBV_11\testdq\rtl\testdq_bb.v 
Writing E:\PROJECT\LSTM\RTL\SG48\2.1.4\2.1\BCI_USBV_11\testdq\testdq.cfg 
Writing E:\PROJECT\LSTM\RTL\SG48\2.1.4\2.1\BCI_USBV_11\testdq\misc\testdq_tmpl.v 
Writing E:\PROJECT\LSTM\RTL\SG48\2.1.4\2.1\BCI_USBV_11\testdq\misc\testdq_tmpl.vhd 
Writing E:\PROJECT\LSTM\RTL\SG48\2.1.4\2.1\BCI_USBV_11\testdq\rtl\testdq.v 
Writing E:\PROJECT\LSTM\RTL\SG48\2.1.4\2.1\BCI_USBV_11\testdq\constraints\testdq.ldc 
Writing E:\PROJECT\LSTM\RTL\SG48\2.1.4\2.1\BCI_USBV_11\testdq\testbench\dut_params.v 
Writing E:\PROJECT\LSTM\RTL\SG48\2.1.4\2.1\BCI_USBV_11\testdq\testbench\dut_inst.v 
Writing E:\PROJECT\LSTM\RTL\SG48\2.1.4\2.1\BCI_USBV_11\testdq\design.xml 
Writing E:\PROJECT\LSTM\RTL\SG48\2.1.4\2.1\BCI_USBV_11\testdq\component.xml 
Writing E:\PROJECT\LSTM\RTL\SG48\2.1.4\2.1\BCI_USBV_11\testdq\testdq.ipx 
WARNING: missing driver HDL files.
Writing E:\PROJECT\LSTM\RTL\SG48\2.1.4\2.1\BCI_USBV_11\thre_rec_ram\rtl\thre_rec_ram_bb.v 
Writing E:\PROJECT\LSTM\RTL\SG48\2.1.4\2.1\BCI_USBV_11\thre_rec_ram\thre_rec_ram.cfg 
Writing E:\PROJECT\LSTM\RTL\SG48\2.1.4\2.1\BCI_USBV_11\thre_rec_ram\misc\thre_rec_ram_tmpl.v 
Writing E:\PROJECT\LSTM\RTL\SG48\2.1.4\2.1\BCI_USBV_11\thre_rec_ram\misc\thre_rec_ram_tmpl.vhd 
Writing E:\PROJECT\LSTM\RTL\SG48\2.1.4\2.1\BCI_USBV_11\thre_rec_ram\rtl\thre_rec_ram.v 
Writing E:\PROJECT\LSTM\RTL\SG48\2.1.4\2.1\BCI_USBV_11\thre_rec_ram\constraints\thre_rec_ram.ldc 
Writing E:\PROJECT\LSTM\RTL\SG48\2.1.4\2.1\BCI_USBV_11\thre_rec_ram\testbench\dut_params.v 
Writing E:\PROJECT\LSTM\RTL\SG48\2.1.4\2.1\BCI_USBV_11\thre_rec_ram\testbench\dut_inst.v 
Writing E:\PROJECT\LSTM\RTL\SG48\2.1.4\2.1\BCI_USBV_11\thre_rec_ram\design.xml 
Writing E:\PROJECT\LSTM\RTL\SG48\2.1.4\2.1\BCI_USBV_11\thre_rec_ram\component.xml 
Writing E:\PROJECT\LSTM\RTL\SG48\2.1.4\2.1\BCI_USBV_11\thre_rec_ram\thre_rec_ram.ipx 
WARNING: missing driver HDL files.
Writing E:\PROJECT\LSTM\RTL\SG48\2.1.4\2.1\BCI_USBV_11\DP21_64\rtl\DP21_64_bb.v 
Writing E:\PROJECT\LSTM\RTL\SG48\2.1.4\2.1\BCI_USBV_11\DP21_64\DP21_64.cfg 
Writing E:\PROJECT\LSTM\RTL\SG48\2.1.4\2.1\BCI_USBV_11\DP21_64\misc\DP21_64_tmpl.v 
Writing E:\PROJECT\LSTM\RTL\SG48\2.1.4\2.1\BCI_USBV_11\DP21_64\misc\DP21_64_tmpl.vhd 
Writing E:\PROJECT\LSTM\RTL\SG48\2.1.4\2.1\BCI_USBV_11\DP21_64\rtl\DP21_64.v 
Writing E:\PROJECT\LSTM\RTL\SG48\2.1.4\2.1\BCI_USBV_11\DP21_64\constraints\DP21_64.ldc 
Writing E:\PROJECT\LSTM\RTL\SG48\2.1.4\2.1\BCI_USBV_11\DP21_64\testbench\dut_params.v 
Writing E:\PROJECT\LSTM\RTL\SG48\2.1.4\2.1\BCI_USBV_11\DP21_64\testbench\dut_inst.v 
Writing E:\PROJECT\LSTM\RTL\SG48\2.1.4\2.1\BCI_USBV_11\DP21_64\design.xml 
Writing E:\PROJECT\LSTM\RTL\SG48\2.1.4\2.1\BCI_USBV_11\DP21_64\component.xml 
Writing E:\PROJECT\LSTM\RTL\SG48\2.1.4\2.1\BCI_USBV_11\DP21_64\DP21_64.ipx 
WARNING: missing driver HDL files.
Writing E:\PROJECT\LSTM\RTL\SG48\2.1.4\2.1\BCI_USBV_11\MULT_16X16\rtl\MULT_16X16_bb.v 
Writing E:\PROJECT\LSTM\RTL\SG48\2.1.4\2.1\BCI_USBV_11\MULT_16X16\MULT_16X16.cfg 
Writing E:\PROJECT\LSTM\RTL\SG48\2.1.4\2.1\BCI_USBV_11\MULT_16X16\misc\MULT_16X16_tmpl.v 
Writing E:\PROJECT\LSTM\RTL\SG48\2.1.4\2.1\BCI_USBV_11\MULT_16X16\misc\MULT_16X16_tmpl.vhd 
Writing E:\PROJECT\LSTM\RTL\SG48\2.1.4\2.1\BCI_USBV_11\MULT_16X16\rtl\MULT_16X16.v 
Writing E:\PROJECT\LSTM\RTL\SG48\2.1.4\2.1\BCI_USBV_11\MULT_16X16\constraints\MULT_16X16.ldc 
Writing E:\PROJECT\LSTM\RTL\SG48\2.1.4\2.1\BCI_USBV_11\MULT_16X16\testbench\dut_params.v 
Writing E:\PROJECT\LSTM\RTL\SG48\2.1.4\2.1\BCI_USBV_11\MULT_16X16\testbench\dut_inst.v 
Writing E:\PROJECT\LSTM\RTL\SG48\2.1.4\2.1\BCI_USBV_11\MULT_16X16\design.xml 
Writing E:\PROJECT\LSTM\RTL\SG48\2.1.4\2.1\BCI_USBV_11\MULT_16X16\component.xml 
Writing E:\PROJECT\LSTM\RTL\SG48\2.1.4\2.1\BCI_USBV_11\MULT_16X16\MULT_16X16.ipx 
WARNING: missing driver HDL files.
Writing E:\PROJECT\LSTM\RTL\SG48\2.1.4\2.1\BCI_USBV_11\MULT_SQRT\rtl\MULT_SQRT_bb.v 
Writing E:\PROJECT\LSTM\RTL\SG48\2.1.4\2.1\BCI_USBV_11\MULT_SQRT\MULT_SQRT.cfg 
Writing E:\PROJECT\LSTM\RTL\SG48\2.1.4\2.1\BCI_USBV_11\MULT_SQRT\misc\MULT_SQRT_tmpl.v 
Writing E:\PROJECT\LSTM\RTL\SG48\2.1.4\2.1\BCI_USBV_11\MULT_SQRT\misc\MULT_SQRT_tmpl.vhd 
Writing E:\PROJECT\LSTM\RTL\SG48\2.1.4\2.1\BCI_USBV_11\MULT_SQRT\rtl\MULT_SQRT.v 
Writing E:\PROJECT\LSTM\RTL\SG48\2.1.4\2.1\BCI_USBV_11\MULT_SQRT\constraints\MULT_SQRT.ldc 
Writing E:\PROJECT\LSTM\RTL\SG48\2.1.4\2.1\BCI_USBV_11\MULT_SQRT\testbench\dut_params.v 
Writing E:\PROJECT\LSTM\RTL\SG48\2.1.4\2.1\BCI_USBV_11\MULT_SQRT\testbench\dut_inst.v 
Writing E:\PROJECT\LSTM\RTL\SG48\2.1.4\2.1\BCI_USBV_11\MULT_SQRT\design.xml 
Writing E:\PROJECT\LSTM\RTL\SG48\2.1.4\2.1\BCI_USBV_11\MULT_SQRT\component.xml 
Writing E:\PROJECT\LSTM\RTL\SG48\2.1.4\2.1\BCI_USBV_11\MULT_SQRT\MULT_SQRT.ipx 
WARNING: missing driver HDL files.
Writing E:\PROJECT\LSTM\RTL\SG48\2.1.4\2.1\BCI_USBV_11\RAM_THREDP\rtl\RAM_THREDP_bb.v 
Writing E:\PROJECT\LSTM\RTL\SG48\2.1.4\2.1\BCI_USBV_11\RAM_THREDP\RAM_THREDP.cfg 
Writing E:\PROJECT\LSTM\RTL\SG48\2.1.4\2.1\BCI_USBV_11\RAM_THREDP\misc\RAM_THREDP_tmpl.v 
Writing E:\PROJECT\LSTM\RTL\SG48\2.1.4\2.1\BCI_USBV_11\RAM_THREDP\misc\RAM_THREDP_tmpl.vhd 
Writing E:\PROJECT\LSTM\RTL\SG48\2.1.4\2.1\BCI_USBV_11\RAM_THREDP\rtl\RAM_THREDP.v 
Writing E:\PROJECT\LSTM\RTL\SG48\2.1.4\2.1\BCI_USBV_11\RAM_THREDP\constraints\RAM_THREDP.ldc 
Writing E:\PROJECT\LSTM\RTL\SG48\2.1.4\2.1\BCI_USBV_11\RAM_THREDP\testbench\dut_params.v 
Writing E:\PROJECT\LSTM\RTL\SG48\2.1.4\2.1\BCI_USBV_11\RAM_THREDP\testbench\dut_inst.v 
Writing E:\PROJECT\LSTM\RTL\SG48\2.1.4\2.1\BCI_USBV_11\RAM_THREDP\design.xml 
Writing E:\PROJECT\LSTM\RTL\SG48\2.1.4\2.1\BCI_USBV_11\RAM_THREDP\component.xml 
Writing E:\PROJECT\LSTM\RTL\SG48\2.1.4\2.1\BCI_USBV_11\RAM_THREDP\RAM_THREDP.ipx 
WARNING: missing driver HDL files.
Writing E:\PROJECT\LSTM\RTL\SG48\2.1.4\2.1\BCI_USBV_11\RMSSAVE\rtl\RMSSAVE_bb.v 
Writing E:\PROJECT\LSTM\RTL\SG48\2.1.4\2.1\BCI_USBV_11\RMSSAVE\RMSSAVE.cfg 
Writing E:\PROJECT\LSTM\RTL\SG48\2.1.4\2.1\BCI_USBV_11\RMSSAVE\misc\RMSSAVE_tmpl.v 
Writing E:\PROJECT\LSTM\RTL\SG48\2.1.4\2.1\BCI_USBV_11\RMSSAVE\misc\RMSSAVE_tmpl.vhd 
Writing E:\PROJECT\LSTM\RTL\SG48\2.1.4\2.1\BCI_USBV_11\RMSSAVE\rtl\RMSSAVE.v 
Writing E:\PROJECT\LSTM\RTL\SG48\2.1.4\2.1\BCI_USBV_11\RMSSAVE\constraints\RMSSAVE.ldc 
Writing E:\PROJECT\LSTM\RTL\SG48\2.1.4\2.1\BCI_USBV_11\RMSSAVE\testbench\dut_params.v 
Writing E:\PROJECT\LSTM\RTL\SG48\2.1.4\2.1\BCI_USBV_11\RMSSAVE\testbench\dut_inst.v 
Writing E:\PROJECT\LSTM\RTL\SG48\2.1.4\2.1\BCI_USBV_11\RMSSAVE\design.xml 
Writing E:\PROJECT\LSTM\RTL\SG48\2.1.4\2.1\BCI_USBV_11\RMSSAVE\component.xml 
Writing E:\PROJECT\LSTM\RTL\SG48\2.1.4\2.1\BCI_USBV_11\RMSSAVE\RMSSAVE.ipx 
WARNING: missing driver HDL files.
Writing E:\PROJECT\LSTM\RTL\SG48\2.1.4\2.1\BCI_USBV_11\SD_cal_ram_sk\rtl\SD_cal_ram_sk_bb.v 
Writing E:\PROJECT\LSTM\RTL\SG48\2.1.4\2.1\BCI_USBV_11\SD_cal_ram_sk\SD_cal_ram_sk.cfg 
Writing E:\PROJECT\LSTM\RTL\SG48\2.1.4\2.1\BCI_USBV_11\SD_cal_ram_sk\misc\SD_cal_ram_sk_tmpl.v 
Writing E:\PROJECT\LSTM\RTL\SG48\2.1.4\2.1\BCI_USBV_11\SD_cal_ram_sk\misc\SD_cal_ram_sk_tmpl.vhd 
Writing E:\PROJECT\LSTM\RTL\SG48\2.1.4\2.1\BCI_USBV_11\SD_cal_ram_sk\rtl\SD_cal_ram_sk.v 
Writing E:\PROJECT\LSTM\RTL\SG48\2.1.4\2.1\BCI_USBV_11\SD_cal_ram_sk\constraints\SD_cal_ram_sk.ldc 
Writing E:\PROJECT\LSTM\RTL\SG48\2.1.4\2.1\BCI_USBV_11\SD_cal_ram_sk\testbench\dut_params.v 
Writing E:\PROJECT\LSTM\RTL\SG48\2.1.4\2.1\BCI_USBV_11\SD_cal_ram_sk\testbench\dut_inst.v 
Writing E:\PROJECT\LSTM\RTL\SG48\2.1.4\2.1\BCI_USBV_11\SD_cal_ram_sk\design.xml 
Writing E:\PROJECT\LSTM\RTL\SG48\2.1.4\2.1\BCI_USBV_11\SD_cal_ram_sk\component.xml 
Writing E:\PROJECT\LSTM\RTL\SG48\2.1.4\2.1\BCI_USBV_11\SD_cal_ram_sk\SD_cal_ram_sk.ipx 
WARNING: missing driver HDL files.
Writing E:\PROJECT\LSTM\RTL\SG48\2.1.4\2.1\BCI_USBV_11\SK_CAL\rtl\SK_CAL_bb.v 
Writing E:\PROJECT\LSTM\RTL\SG48\2.1.4\2.1\BCI_USBV_11\SK_CAL\SK_CAL.cfg 
Writing E:\PROJECT\LSTM\RTL\SG48\2.1.4\2.1\BCI_USBV_11\SK_CAL\misc\SK_CAL_tmpl.v 
Writing E:\PROJECT\LSTM\RTL\SG48\2.1.4\2.1\BCI_USBV_11\SK_CAL\misc\SK_CAL_tmpl.vhd 
Writing E:\PROJECT\LSTM\RTL\SG48\2.1.4\2.1\BCI_USBV_11\SK_CAL\rtl\SK_CAL.v 
Writing E:\PROJECT\LSTM\RTL\SG48\2.1.4\2.1\BCI_USBV_11\SK_CAL\constraints\SK_CAL.ldc 
Writing E:\PROJECT\LSTM\RTL\SG48\2.1.4\2.1\BCI_USBV_11\SK_CAL\testbench\dut_params.v 
Writing E:\PROJECT\LSTM\RTL\SG48\2.1.4\2.1\BCI_USBV_11\SK_CAL\testbench\dut_inst.v 
Writing E:\PROJECT\LSTM\RTL\SG48\2.1.4\2.1\BCI_USBV_11\SK_CAL\design.xml 
Writing E:\PROJECT\LSTM\RTL\SG48\2.1.4\2.1\BCI_USBV_11\SK_CAL\component.xml 
Writing E:\PROJECT\LSTM\RTL\SG48\2.1.4\2.1\BCI_USBV_11\SK_CAL\SK_CAL.ipx 
WARNING: missing driver HDL files.
Writing E:\PROJECT\LSTM\RTL\SG48\2.1.4\2.1\BCI_USBV_11\add\rtl\add_bb.v 
Writing E:\PROJECT\LSTM\RTL\SG48\2.1.4\2.1\BCI_USBV_11\add\add.cfg 
Writing E:\PROJECT\LSTM\RTL\SG48\2.1.4\2.1\BCI_USBV_11\add\misc\add_tmpl.v 
Writing E:\PROJECT\LSTM\RTL\SG48\2.1.4\2.1\BCI_USBV_11\add\misc\add_tmpl.vhd 
Writing E:\PROJECT\LSTM\RTL\SG48\2.1.4\2.1\BCI_USBV_11\add\rtl\add.v 
Writing E:\PROJECT\LSTM\RTL\SG48\2.1.4\2.1\BCI_USBV_11\add\constraints\add.ldc 
Writing E:\PROJECT\LSTM\RTL\SG48\2.1.4\2.1\BCI_USBV_11\add\testbench\dut_params.v 
Writing E:\PROJECT\LSTM\RTL\SG48\2.1.4\2.1\BCI_USBV_11\add\testbench\dut_inst.v 
Writing E:\PROJECT\LSTM\RTL\SG48\2.1.4\2.1\BCI_USBV_11\add\design.xml 
Writing E:\PROJECT\LSTM\RTL\SG48\2.1.4\2.1\BCI_USBV_11\add\component.xml 
Writing E:\PROJECT\LSTM\RTL\SG48\2.1.4\2.1\BCI_USBV_11\add\add.ipx 
WARNING: missing driver HDL files.
Writing E:\PROJECT\LSTM\RTL\SG48\2.1.4\2.1\BCI_USBV_11\add16\rtl\add16_bb.v 
Writing E:\PROJECT\LSTM\RTL\SG48\2.1.4\2.1\BCI_USBV_11\add16\add16.cfg 
Writing E:\PROJECT\LSTM\RTL\SG48\2.1.4\2.1\BCI_USBV_11\add16\misc\add16_tmpl.v 
Writing E:\PROJECT\LSTM\RTL\SG48\2.1.4\2.1\BCI_USBV_11\add16\misc\add16_tmpl.vhd 
Writing E:\PROJECT\LSTM\RTL\SG48\2.1.4\2.1\BCI_USBV_11\add16\rtl\add16.v 
Writing E:\PROJECT\LSTM\RTL\SG48\2.1.4\2.1\BCI_USBV_11\add16\constraints\add16.ldc 
Writing E:\PROJECT\LSTM\RTL\SG48\2.1.4\2.1\BCI_USBV_11\add16\testbench\dut_params.v 
Writing E:\PROJECT\LSTM\RTL\SG48\2.1.4\2.1\BCI_USBV_11\add16\testbench\dut_inst.v 
Writing E:\PROJECT\LSTM\RTL\SG48\2.1.4\2.1\BCI_USBV_11\add16\design.xml 
Writing E:\PROJECT\LSTM\RTL\SG48\2.1.4\2.1\BCI_USBV_11\add16\component.xml 
Writing E:\PROJECT\LSTM\RTL\SG48\2.1.4\2.1\BCI_USBV_11\add16\add16.ipx 
WARNING: missing driver HDL files.
Writing E:\PROJECT\LSTM\RTL\SG48\2.1.4\2.1\BCI_USBV_11\add_48\rtl\add_48_bb.v 
Writing E:\PROJECT\LSTM\RTL\SG48\2.1.4\2.1\BCI_USBV_11\add_48\add_48.cfg 
Writing E:\PROJECT\LSTM\RTL\SG48\2.1.4\2.1\BCI_USBV_11\add_48\misc\add_48_tmpl.v 
Writing E:\PROJECT\LSTM\RTL\SG48\2.1.4\2.1\BCI_USBV_11\add_48\misc\add_48_tmpl.vhd 
Writing E:\PROJECT\LSTM\RTL\SG48\2.1.4\2.1\BCI_USBV_11\add_48\rtl\add_48.v 
Writing E:\PROJECT\LSTM\RTL\SG48\2.1.4\2.1\BCI_USBV_11\add_48\constraints\add_48.ldc 
Writing E:\PROJECT\LSTM\RTL\SG48\2.1.4\2.1\BCI_USBV_11\add_48\testbench\dut_params.v 
Writing E:\PROJECT\LSTM\RTL\SG48\2.1.4\2.1\BCI_USBV_11\add_48\testbench\dut_inst.v 
Writing E:\PROJECT\LSTM\RTL\SG48\2.1.4\2.1\BCI_USBV_11\add_48\design.xml 
Writing E:\PROJECT\LSTM\RTL\SG48\2.1.4\2.1\BCI_USBV_11\add_48\component.xml 
Writing E:\PROJECT\LSTM\RTL\SG48\2.1.4\2.1\BCI_USBV_11\add_48\add_48.ipx 
WARNING: missing driver HDL files.
Writing E:\PROJECT\LSTM\RTL\SG48\2.1.4\2.1\BCI_USBV_11\add_cal\rtl\add_cal_bb.v 
Writing E:\PROJECT\LSTM\RTL\SG48\2.1.4\2.1\BCI_USBV_11\add_cal\add_cal.cfg 
Writing E:\PROJECT\LSTM\RTL\SG48\2.1.4\2.1\BCI_USBV_11\add_cal\misc\add_cal_tmpl.v 
Writing E:\PROJECT\LSTM\RTL\SG48\2.1.4\2.1\BCI_USBV_11\add_cal\misc\add_cal_tmpl.vhd 
Writing E:\PROJECT\LSTM\RTL\SG48\2.1.4\2.1\BCI_USBV_11\add_cal\rtl\add_cal.v 
Writing E:\PROJECT\LSTM\RTL\SG48\2.1.4\2.1\BCI_USBV_11\add_cal\constraints\add_cal.ldc 
Writing E:\PROJECT\LSTM\RTL\SG48\2.1.4\2.1\BCI_USBV_11\add_cal\testbench\dut_params.v 
Writing E:\PROJECT\LSTM\RTL\SG48\2.1.4\2.1\BCI_USBV_11\add_cal\testbench\dut_inst.v 
Writing E:\PROJECT\LSTM\RTL\SG48\2.1.4\2.1\BCI_USBV_11\add_cal\design.xml 
Writing E:\PROJECT\LSTM\RTL\SG48\2.1.4\2.1\BCI_USBV_11\add_cal\component.xml 
Writing E:\PROJECT\LSTM\RTL\SG48\2.1.4\2.1\BCI_USBV_11\add_cal\add_cal.ipx 
WARNING: missing driver HDL files.
Writing E:\PROJECT\LSTM\RTL\SG48\2.1.4\2.1\BCI_USBV_11\count\rtl\count_bb.v 
Writing E:\PROJECT\LSTM\RTL\SG48\2.1.4\2.1\BCI_USBV_11\count\count.cfg 
Writing E:\PROJECT\LSTM\RTL\SG48\2.1.4\2.1\BCI_USBV_11\count\misc\count_tmpl.v 
Writing E:\PROJECT\LSTM\RTL\SG48\2.1.4\2.1\BCI_USBV_11\count\misc\count_tmpl.vhd 
Writing E:\PROJECT\LSTM\RTL\SG48\2.1.4\2.1\BCI_USBV_11\count\rtl\count.v 
Writing E:\PROJECT\LSTM\RTL\SG48\2.1.4\2.1\BCI_USBV_11\count\constraints\count.ldc 
Writing E:\PROJECT\LSTM\RTL\SG48\2.1.4\2.1\BCI_USBV_11\count\testbench\dut_params.v 
Writing E:\PROJECT\LSTM\RTL\SG48\2.1.4\2.1\BCI_USBV_11\count\testbench\dut_inst.v 
Writing E:\PROJECT\LSTM\RTL\SG48\2.1.4\2.1\BCI_USBV_11\count\design.xml 
Writing E:\PROJECT\LSTM\RTL\SG48\2.1.4\2.1\BCI_USBV_11\count\component.xml 
Writing E:\PROJECT\LSTM\RTL\SG48\2.1.4\2.1\BCI_USBV_11\count\count.ipx 
WARNING: missing driver HDL files.
Writing E:\PROJECT\LSTM\RTL\SG48\2.1.4\2.1\BCI_USBV_11\fifo_dc_t\rtl\fifo_dc_t_bb.v 
Writing E:\PROJECT\LSTM\RTL\SG48\2.1.4\2.1\BCI_USBV_11\fifo_dc_t\fifo_dc_t.cfg 
Writing E:\PROJECT\LSTM\RTL\SG48\2.1.4\2.1\BCI_USBV_11\fifo_dc_t\misc\fifo_dc_t_tmpl.v 
Writing E:\PROJECT\LSTM\RTL\SG48\2.1.4\2.1\BCI_USBV_11\fifo_dc_t\misc\fifo_dc_t_tmpl.vhd 
Writing E:\PROJECT\LSTM\RTL\SG48\2.1.4\2.1\BCI_USBV_11\fifo_dc_t\rtl\fifo_dc_t.v 
Writing E:\PROJECT\LSTM\RTL\SG48\2.1.4\2.1\BCI_USBV_11\fifo_dc_t\constraints\fifo_dc_t.ldc 
Writing E:\PROJECT\LSTM\RTL\SG48\2.1.4\2.1\BCI_USBV_11\fifo_dc_t\testbench\dut_params.v 
Writing E:\PROJECT\LSTM\RTL\SG48\2.1.4\2.1\BCI_USBV_11\fifo_dc_t\testbench\dut_inst.v 
Writing E:\PROJECT\LSTM\RTL\SG48\2.1.4\2.1\BCI_USBV_11\fifo_dc_t\eval\dut_params.v 
Writing E:\PROJECT\LSTM\RTL\SG48\2.1.4\2.1\BCI_USBV_11\fifo_dc_t\eval\dut_inst.v 
Writing E:\PROJECT\LSTM\RTL\SG48\2.1.4\2.1\BCI_USBV_11\fifo_dc_t\design.xml 
Writing E:\PROJECT\LSTM\RTL\SG48\2.1.4\2.1\BCI_USBV_11\fifo_dc_t\component.xml 
Writing E:\PROJECT\LSTM\RTL\SG48\2.1.4\2.1\BCI_USBV_11\fifo_dc_t\fifo_dc_t.ipx 
WARNING: missing driver HDL files.
Writing E:\PROJECT\LSTM\RTL\SG48\2.1.4\2.1\BCI_USBV_11\fifo_tbtest\rtl\fifo_tbtest_bb.v 
Writing E:\PROJECT\LSTM\RTL\SG48\2.1.4\2.1\BCI_USBV_11\fifo_tbtest\fifo_tbtest.cfg 
Writing E:\PROJECT\LSTM\RTL\SG48\2.1.4\2.1\BCI_USBV_11\fifo_tbtest\misc\fifo_tbtest_tmpl.v 
Writing E:\PROJECT\LSTM\RTL\SG48\2.1.4\2.1\BCI_USBV_11\fifo_tbtest\misc\fifo_tbtest_tmpl.vhd 
Writing E:\PROJECT\LSTM\RTL\SG48\2.1.4\2.1\BCI_USBV_11\fifo_tbtest\rtl\fifo_tbtest.v 
Writing E:\PROJECT\LSTM\RTL\SG48\2.1.4\2.1\BCI_USBV_11\fifo_tbtest\constraints\fifo_tbtest.ldc 
Writing E:\PROJECT\LSTM\RTL\SG48\2.1.4\2.1\BCI_USBV_11\fifo_tbtest\testbench\dut_params.v 
Writing E:\PROJECT\LSTM\RTL\SG48\2.1.4\2.1\BCI_USBV_11\fifo_tbtest\testbench\dut_inst.v 
Writing E:\PROJECT\LSTM\RTL\SG48\2.1.4\2.1\BCI_USBV_11\fifo_tbtest\eval\dut_params.v 
Writing E:\PROJECT\LSTM\RTL\SG48\2.1.4\2.1\BCI_USBV_11\fifo_tbtest\eval\dut_inst.v 
Writing E:\PROJECT\LSTM\RTL\SG48\2.1.4\2.1\BCI_USBV_11\fifo_tbtest\design.xml 
Writing E:\PROJECT\LSTM\RTL\SG48\2.1.4\2.1\BCI_USBV_11\fifo_tbtest\component.xml 
Writing E:\PROJECT\LSTM\RTL\SG48\2.1.4\2.1\BCI_USBV_11\fifo_tbtest\fifo_tbtest.ipx 
WARNING: missing driver HDL files.
Writing E:\PROJECT\LSTM\RTL\SG48\2.1.4\2.1\BCI_USBV_11\fifo_tra\rtl\fifo_tra_bb.v 
Writing E:\PROJECT\LSTM\RTL\SG48\2.1.4\2.1\BCI_USBV_11\fifo_tra\fifo_tra.cfg 
Writing E:\PROJECT\LSTM\RTL\SG48\2.1.4\2.1\BCI_USBV_11\fifo_tra\misc\fifo_tra_tmpl.v 
Writing E:\PROJECT\LSTM\RTL\SG48\2.1.4\2.1\BCI_USBV_11\fifo_tra\misc\fifo_tra_tmpl.vhd 
Writing E:\PROJECT\LSTM\RTL\SG48\2.1.4\2.1\BCI_USBV_11\fifo_tra\rtl\fifo_tra.v 
Writing E:\PROJECT\LSTM\RTL\SG48\2.1.4\2.1\BCI_USBV_11\fifo_tra\constraints\fifo_tra.ldc 
Writing E:\PROJECT\LSTM\RTL\SG48\2.1.4\2.1\BCI_USBV_11\fifo_tra\testbench\dut_params.v 
Writing E:\PROJECT\LSTM\RTL\SG48\2.1.4\2.1\BCI_USBV_11\fifo_tra\testbench\dut_inst.v 
Writing E:\PROJECT\LSTM\RTL\SG48\2.1.4\2.1\BCI_USBV_11\fifo_tra\eval\dut_params.v 
Writing E:\PROJECT\LSTM\RTL\SG48\2.1.4\2.1\BCI_USBV_11\fifo_tra\eval\dut_inst.v 
Writing E:\PROJECT\LSTM\RTL\SG48\2.1.4\2.1\BCI_USBV_11\fifo_tra\design.xml 
Writing E:\PROJECT\LSTM\RTL\SG48\2.1.4\2.1\BCI_USBV_11\fifo_tra\component.xml 
Writing E:\PROJECT\LSTM\RTL\SG48\2.1.4\2.1\BCI_USBV_11\fifo_tra\fifo_tra.ipx 
WARNING: missing driver HDL files.
Writing E:\PROJECT\LSTM\RTL\SG48\2.1.4\2.1\BCI_USBV_11\memsave\rtl\memsave_bb.v 
Writing E:\PROJECT\LSTM\RTL\SG48\2.1.4\2.1\BCI_USBV_11\memsave\memsave.cfg 
Writing E:\PROJECT\LSTM\RTL\SG48\2.1.4\2.1\BCI_USBV_11\memsave\misc\memsave_tmpl.v 
Writing E:\PROJECT\LSTM\RTL\SG48\2.1.4\2.1\BCI_USBV_11\memsave\misc\memsave_tmpl.vhd 
Writing E:\PROJECT\LSTM\RTL\SG48\2.1.4\2.1\BCI_USBV_11\memsave\rtl\memsave.v 
Writing E:\PROJECT\LSTM\RTL\SG48\2.1.4\2.1\BCI_USBV_11\memsave\constraints\memsave.ldc 
Writing E:\PROJECT\LSTM\RTL\SG48\2.1.4\2.1\BCI_USBV_11\memsave\testbench\dut_params.v 
Writing E:\PROJECT\LSTM\RTL\SG48\2.1.4\2.1\BCI_USBV_11\memsave\testbench\dut_inst.v 
Writing E:\PROJECT\LSTM\RTL\SG48\2.1.4\2.1\BCI_USBV_11\memsave\design.xml 
Writing E:\PROJECT\LSTM\RTL\SG48\2.1.4\2.1\BCI_USBV_11\memsave\component.xml 
Writing E:\PROJECT\LSTM\RTL\SG48\2.1.4\2.1\BCI_USBV_11\memsave\memsave.ipx 
WARNING: missing driver HDL files.
Writing E:\PROJECT\LSTM\RTL\SG48\2.1.4\2.1\BCI_USBV_11\mult16x16\rtl\mult16x16_bb.v 
Writing E:\PROJECT\LSTM\RTL\SG48\2.1.4\2.1\BCI_USBV_11\mult16x16\mult16x16.cfg 
Writing E:\PROJECT\LSTM\RTL\SG48\2.1.4\2.1\BCI_USBV_11\mult16x16\misc\mult16x16_tmpl.v 
Writing E:\PROJECT\LSTM\RTL\SG48\2.1.4\2.1\BCI_USBV_11\mult16x16\misc\mult16x16_tmpl.vhd 
Writing E:\PROJECT\LSTM\RTL\SG48\2.1.4\2.1\BCI_USBV_11\mult16x16\rtl\mult16x16.v 
Writing E:\PROJECT\LSTM\RTL\SG48\2.1.4\2.1\BCI_USBV_11\mult16x16\constraints\mult16x16.ldc 
Writing E:\PROJECT\LSTM\RTL\SG48\2.1.4\2.1\BCI_USBV_11\mult16x16\testbench\dut_params.v 
Writing E:\PROJECT\LSTM\RTL\SG48\2.1.4\2.1\BCI_USBV_11\mult16x16\testbench\dut_inst.v 
Writing E:\PROJECT\LSTM\RTL\SG48\2.1.4\2.1\BCI_USBV_11\mult16x16\design.xml 
Writing E:\PROJECT\LSTM\RTL\SG48\2.1.4\2.1\BCI_USBV_11\mult16x16\component.xml 
Writing E:\PROJECT\LSTM\RTL\SG48\2.1.4\2.1\BCI_USBV_11\mult16x16\mult16x16.ipx 
WARNING: missing driver HDL files.
Writing E:\PROJECT\LSTM\RTL\SG48\2.1.4\2.1\BCI_USBV_11\mult_sigmoid\rtl\mult_sigmoid_bb.v 
Writing E:\PROJECT\LSTM\RTL\SG48\2.1.4\2.1\BCI_USBV_11\mult_sigmoid\mult_sigmoid.cfg 
Writing E:\PROJECT\LSTM\RTL\SG48\2.1.4\2.1\BCI_USBV_11\mult_sigmoid\misc\mult_sigmoid_tmpl.v 
Writing E:\PROJECT\LSTM\RTL\SG48\2.1.4\2.1\BCI_USBV_11\mult_sigmoid\misc\mult_sigmoid_tmpl.vhd 
Writing E:\PROJECT\LSTM\RTL\SG48\2.1.4\2.1\BCI_USBV_11\mult_sigmoid\rtl\mult_sigmoid.v 