WARNING: missing driver HDL files.
Writing D:\YCB\YCB\PROJECT\BCI2024\fpga\6_4_25\BCI_USBV_11\para_mem0\rtl\para_mem0_bb.v 
Writing D:\YCB\YCB\PROJECT\BCI2024\fpga\6_4_25\BCI_USBV_11\para_mem0\para_mem0.cfg 
Writing D:\YCB\YCB\PROJECT\BCI2024\fpga\6_4_25\BCI_USBV_11\para_mem0\misc\para_mem0_tmpl.v 
Writing D:\YCB\YCB\PROJECT\BCI2024\fpga\6_4_25\BCI_USBV_11\para_mem0\misc\para_mem0_tmpl.vhd 
Writing D:\YCB\YCB\PROJECT\BCI2024\fpga\6_4_25\BCI_USBV_11\para_mem0\rtl\para_mem0.v 
Writing D:\YCB\YCB\PROJECT\BCI2024\fpga\6_4_25\BCI_USBV_11\para_mem0\constraints\para_mem0.ldc 
Writing D:\YCB\YCB\PROJECT\BCI2024\fpga\6_4_25\BCI_USBV_11\para_mem0\testbench\dut_params.v 
Writing D:\YCB\YCB\PROJECT\BCI2024\fpga\6_4_25\BCI_USBV_11\para_mem0\testbench\dut_inst.v 
Writing D:\YCB\YCB\PROJECT\BCI2024\fpga\6_4_25\BCI_USBV_11\para_mem0\design.xml 
Writing D:\YCB\YCB\PROJECT\BCI2024\fpga\6_4_25\BCI_USBV_11\para_mem0\component.xml 
Writing D:\YCB\YCB\PROJECT\BCI2024\fpga\6_4_25\BCI_USBV_11\para_mem0\para_mem0.ipx 
WARNING: missing driver HDL files.
Writing D:\YCB\YCB\PROJECT\BCI2024\fpga\6_4_25\BCI_USBV_11\para_mem1\rtl\para_mem1_bb.v 
Writing D:\YCB\YCB\PROJECT\BCI2024\fpga\6_4_25\BCI_USBV_11\para_mem1\para_mem1.cfg 
Writing D:\YCB\YCB\PROJECT\BCI2024\fpga\6_4_25\BCI_USBV_11\para_mem1\misc\para_mem1_tmpl.v 
Writing D:\YCB\YCB\PROJECT\BCI2024\fpga\6_4_25\BCI_USBV_11\para_mem1\misc\para_mem1_tmpl.vhd 
Writing D:\YCB\YCB\PROJECT\BCI2024\fpga\6_4_25\BCI_USBV_11\para_mem1\rtl\para_mem1.v 
Writing D:\YCB\YCB\PROJECT\BCI2024\fpga\6_4_25\BCI_USBV_11\para_mem1\constraints\para_mem1.ldc 
Writing D:\YCB\YCB\PROJECT\BCI2024\fpga\6_4_25\BCI_USBV_11\para_mem1\testbench\dut_params.v 
Writing D:\YCB\YCB\PROJECT\BCI2024\fpga\6_4_25\BCI_USBV_11\para_mem1\testbench\dut_inst.v 
Writing D:\YCB\YCB\PROJECT\BCI2024\fpga\6_4_25\BCI_USBV_11\para_mem1\design.xml 
Writing D:\YCB\YCB\PROJECT\BCI2024\fpga\6_4_25\BCI_USBV_11\para_mem1\component.xml 
Writing D:\YCB\YCB\PROJECT\BCI2024\fpga\6_4_25\BCI_USBV_11\para_mem1\para_mem1.ipx 
WARNING: missing driver HDL files.
Writing D:\YCB\YCB\PROJECT\BCI2024\fpga\6_4_25\BCI_USBV_11\para_mem0\rtl\para_mem0_bb.v 
Writing D:\YCB\YCB\PROJECT\BCI2024\fpga\6_4_25\BCI_USBV_11\para_mem0\para_mem0.cfg 
Writing D:\YCB\YCB\PROJECT\BCI2024\fpga\6_4_25\BCI_USBV_11\para_mem0\misc\para_mem0_tmpl.v 
Writing D:\YCB\YCB\PROJECT\BCI2024\fpga\6_4_25\BCI_USBV_11\para_mem0\misc\para_mem0_tmpl.vhd 
Writing D:\YCB\YCB\PROJECT\BCI2024\fpga\6_4_25\BCI_USBV_11\para_mem0\rtl\para_mem0.v 
Writing D:\YCB\YCB\PROJECT\BCI2024\fpga\6_4_25\BCI_USBV_11\para_mem0\constraints\para_mem0.ldc 
Writing D:\YCB\YCB\PROJECT\BCI2024\fpga\6_4_25\BCI_USBV_11\para_mem0\testbench\dut_params.v 
Writing D:\YCB\YCB\PROJECT\BCI2024\fpga\6_4_25\BCI_USBV_11\para_mem0\testbench\dut_inst.v 
Writing D:\YCB\YCB\PROJECT\BCI2024\fpga\6_4_25\BCI_USBV_11\para_mem0\design.xml 
Writing D:\YCB\YCB\PROJECT\BCI2024\fpga\6_4_25\BCI_USBV_11\para_mem0\component.xml 
Writing D:\YCB\YCB\PROJECT\BCI2024\fpga\6_4_25\BCI_USBV_11\para_mem0\para_mem0.ipx 
WARNING: missing driver HDL files.
Writing D:\YCB\YCB\PROJECT\BCI2024\fpga\6_4_25\BCI_USBV_11\para_mem1\rtl\para_mem1_bb.v 
Writing D:\YCB\YCB\PROJECT\BCI2024\fpga\6_4_25\BCI_USBV_11\para_mem1\para_mem1.cfg 
Writing D:\YCB\YCB\PROJECT\BCI2024\fpga\6_4_25\BCI_USBV_11\para_mem1\misc\para_mem1_tmpl.v 
Writing D:\YCB\YCB\PROJECT\BCI2024\fpga\6_4_25\BCI_USBV_11\para_mem1\misc\para_mem1_tmpl.vhd 
Writing D:\YCB\YCB\PROJECT\BCI2024\fpga\6_4_25\BCI_USBV_11\para_mem1\rtl\para_mem1.v 
Writing D:\YCB\YCB\PROJECT\BCI2024\fpga\6_4_25\BCI_USBV_11\para_mem1\constraints\para_mem1.ldc 
Writing D:\YCB\YCB\PROJECT\BCI2024\fpga\6_4_25\BCI_USBV_11\para_mem1\testbench\dut_params.v 
Writing D:\YCB\YCB\PROJECT\BCI2024\fpga\6_4_25\BCI_USBV_11\para_mem1\testbench\dut_inst.v 
Writing D:\YCB\YCB\PROJECT\BCI2024\fpga\6_4_25\BCI_USBV_11\para_mem1\design.xml 
Writing D:\YCB\YCB\PROJECT\BCI2024\fpga\6_4_25\BCI_USBV_11\para_mem1\component.xml 
Writing D:\YCB\YCB\PROJECT\BCI2024\fpga\6_4_25\BCI_USBV_11\para_mem1\para_mem1.ipx 
WARNING: missing driver HDL files.
Writing D:\YCB\YCB\PROJECT\BCI2024\fpga\6_4_25\BCI_USBV_11\para_mem2\rtl\para_mem2_bb.v 
Writing D:\YCB\YCB\PROJECT\BCI2024\fpga\6_4_25\BCI_USBV_11\para_mem2\para_mem2.cfg 
Writing D:\YCB\YCB\PROJECT\BCI2024\fpga\6_4_25\BCI_USBV_11\para_mem2\misc\para_mem2_tmpl.v 
Writing D:\YCB\YCB\PROJECT\BCI2024\fpga\6_4_25\BCI_USBV_11\para_mem2\misc\para_mem2_tmpl.vhd 
Writing D:\YCB\YCB\PROJECT\BCI2024\fpga\6_4_25\BCI_USBV_11\para_mem2\rtl\para_mem2.v 
Writing D:\YCB\YCB\PROJECT\BCI2024\fpga\6_4_25\BCI_USBV_11\para_mem2\constraints\para_mem2.ldc 
Writing D:\YCB\YCB\PROJECT\BCI2024\fpga\6_4_25\BCI_USBV_11\para_mem2\testbench\dut_params.v 
Writing D:\YCB\YCB\PROJECT\BCI2024\fpga\6_4_25\BCI_USBV_11\para_mem2\testbench\dut_inst.v 
Writing D:\YCB\YCB\PROJECT\BCI2024\fpga\6_4_25\BCI_USBV_11\para_mem2\design.xml 
Writing D:\YCB\YCB\PROJECT\BCI2024\fpga\6_4_25\BCI_USBV_11\para_mem2\component.xml 
Writing D:\YCB\YCB\PROJECT\BCI2024\fpga\6_4_25\BCI_USBV_11\para_mem2\para_mem2.ipx 
WARNING: missing driver HDL files.
Writing D:\YCB\YCB\PROJECT\BCI2024\fpga\6_4_25\BCI_USBV_11\para_mem1\rtl\para_mem1_bb.v 
Writing D:\YCB\YCB\PROJECT\BCI2024\fpga\6_4_25\BCI_USBV_11\para_mem1\para_mem1.cfg 
Writing D:\YCB\YCB\PROJECT\BCI2024\fpga\6_4_25\BCI_USBV_11\para_mem1\misc\para_mem1_tmpl.v 
Writing D:\YCB\YCB\PROJECT\BCI2024\fpga\6_4_25\BCI_USBV_11\para_mem1\misc\para_mem1_tmpl.vhd 
Writing D:\YCB\YCB\PROJECT\BCI2024\fpga\6_4_25\BCI_USBV_11\para_mem1\rtl\para_mem1.v 
Writing D:\YCB\YCB\PROJECT\BCI2024\fpga\6_4_25\BCI_USBV_11\para_mem1\constraints\para_mem1.ldc 
Writing D:\YCB\YCB\PROJECT\BCI2024\fpga\6_4_25\BCI_USBV_11\para_mem1\testbench\dut_params.v 
Writing D:\YCB\YCB\PROJECT\BCI2024\fpga\6_4_25\BCI_USBV_11\para_mem1\testbench\dut_inst.v 
Writing D:\YCB\YCB\PROJECT\BCI2024\fpga\6_4_25\BCI_USBV_11\para_mem1\design.xml 
Writing D:\YCB\YCB\PROJECT\BCI2024\fpga\6_4_25\BCI_USBV_11\para_mem1\component.xml 
Writing D:\YCB\YCB\PROJECT\BCI2024\fpga\6_4_25\BCI_USBV_11\para_mem1\para_mem1.ipx 
WARNING: missing driver HDL files.
Writing D:\YCB\YCB\PROJECT\BCI2024\fpga\6_4_25\BCI_USBV_11\para_mem2\rtl\para_mem2_bb.v 
Writing D:\YCB\YCB\PROJECT\BCI2024\fpga\6_4_25\BCI_USBV_11\para_mem2\para_mem2.cfg 
Writing D:\YCB\YCB\PROJECT\BCI2024\fpga\6_4_25\BCI_USBV_11\para_mem2\misc\para_mem2_tmpl.v 
Writing D:\YCB\YCB\PROJECT\BCI2024\fpga\6_4_25\BCI_USBV_11\para_mem2\misc\para_mem2_tmpl.vhd 
Writing D:\YCB\YCB\PROJECT\BCI2024\fpga\6_4_25\BCI_USBV_11\para_mem2\rtl\para_mem2.v 
Writing D:\YCB\YCB\PROJECT\BCI2024\fpga\6_4_25\BCI_USBV_11\para_mem2\constraints\para_mem2.ldc 
Writing D:\YCB\YCB\PROJECT\BCI2024\fpga\6_4_25\BCI_USBV_11\para_mem2\testbench\dut_params.v 
Writing D:\YCB\YCB\PROJECT\BCI2024\fpga\6_4_25\BCI_USBV_11\para_mem2\testbench\dut_inst.v 
Writing D:\YCB\YCB\PROJECT\BCI2024\fpga\6_4_25\BCI_USBV_11\para_mem2\design.xml 
Writing D:\YCB\YCB\PROJECT\BCI2024\fpga\6_4_25\BCI_USBV_11\para_mem2\component.xml 
Writing D:\YCB\YCB\PROJECT\BCI2024\fpga\6_4_25\BCI_USBV_11\para_mem2\para_mem2.ipx 
WARNING: missing driver HDL files.
Writing D:\YCB\YCB\PROJECT\BCI2024\fpga\6_4_25\BCI_USBV_11\para_mem0\rtl\para_mem0_bb.v 
Writing D:\YCB\YCB\PROJECT\BCI2024\fpga\6_4_25\BCI_USBV_11\para_mem0\para_mem0.cfg 
Writing D:\YCB\YCB\PROJECT\BCI2024\fpga\6_4_25\BCI_USBV_11\para_mem0\misc\para_mem0_tmpl.v 
Writing D:\YCB\YCB\PROJECT\BCI2024\fpga\6_4_25\BCI_USBV_11\para_mem0\misc\para_mem0_tmpl.vhd 
Writing D:\YCB\YCB\PROJECT\BCI2024\fpga\6_4_25\BCI_USBV_11\para_mem0\rtl\para_mem0.v 
Writing D:\YCB\YCB\PROJECT\BCI2024\fpga\6_4_25\BCI_USBV_11\para_mem0\constraints\para_mem0.ldc 
Writing D:\YCB\YCB\PROJECT\BCI2024\fpga\6_4_25\BCI_USBV_11\para_mem0\testbench\dut_params.v 
Writing D:\YCB\YCB\PROJECT\BCI2024\fpga\6_4_25\BCI_USBV_11\para_mem0\testbench\dut_inst.v 
Writing D:\YCB\YCB\PROJECT\BCI2024\fpga\6_4_25\BCI_USBV_11\para_mem0\design.xml 
Writing D:\YCB\YCB\PROJECT\BCI2024\fpga\6_4_25\BCI_USBV_11\para_mem0\component.xml 
Writing D:\YCB\YCB\PROJECT\BCI2024\fpga\6_4_25\BCI_USBV_11\para_mem0\para_mem0.ipx 
WARNING: missing driver HDL files.